0 verbose cli /usr/local/bin/node /usr/local/bin/npm
1 info using npm@10.9.3
2 info using node@v22.20.0
3 silly config load:file:/usr/local/lib/node_modules/npm/npmrc
4 silly config load:file:/Users/sreekondaveeti/Downloads/startup/lenzli-landing/.npmrc
5 silly config load:file:/Users/sreekondaveeti/.npmrc
6 silly config load:file:/usr/local/etc/npmrc
7 verbose title npm install react-leaflet leaflet lucide-react
8 verbose argv "install" "react-leaflet" "leaflet" "lucide-react"
9 verbose logfile logs-max:10 dir:/Users/sreekondaveeti/Downloads/startup/lenzli-landing/.npm-cache/_logs/2026-03-17T18_00_37_520Z-
10 verbose logfile /Users/sreekondaveeti/Downloads/startup/lenzli-landing/.npm-cache/_logs/2026-03-17T18_00_37_520Z-debug-0.log
11 silly logfile start cleaning logs, removing 1 files
12 silly packumentCache heap:4345298944 maxSize:1086324736 maxEntrySize:543162368
13 silly logfile done cleaning log files
14 silly idealTree buildDeps
15 silly fetch manifest react-leaflet@*
16 silly packumentCache full:https://registry.npmjs.org/react-leaflet cache-miss
17 http fetch GET 200 https://registry.npmjs.org/react-leaflet 189ms (cache miss)
18 silly packumentCache full:https://registry.npmjs.org/react-leaflet set size:undefined disposed:false
19 silly fetch manifest leaflet@*
20 silly packumentCache full:https://registry.npmjs.org/leaflet cache-miss
21 http fetch GET 200 https://registry.npmjs.org/npm 333ms
22 http fetch GET 200 https://registry.npmjs.org/leaflet 62ms (cache miss)
23 silly packumentCache full:https://registry.npmjs.org/leaflet set size:undefined disposed:false
24 silly fetch manifest react@^18.2.0
25 silly packumentCache full:https://registry.npmjs.org/react cache-miss
26 http fetch GET 200 https://registry.npmjs.org/react 281ms (cache updated)
27 silly packumentCache full:https://registry.npmjs.org/react set size:undefined disposed:false
28 silly fetch manifest react@^19.0.0
29 silly packumentCache full:https://registry.npmjs.org/react cache-miss
30 http cache https://registry.npmjs.org/react 12ms (cache hit)
31 silly packumentCache full:https://registry.npmjs.org/react set size:6547508 disposed:false
32 verbose stack Error: unable to resolve dependency tree
32 verbose stack     at #failPeerConflict (/usr/local/lib/node_modules/npm/node_modules/@npmcli/arborist/lib/arborist/build-ideal-tree.js:1363:25)
32 verbose stack     at #loadPeerSet (/usr/local/lib/node_modules/npm/node_modules/@npmcli/arborist/lib/arborist/build-ideal-tree.js:1329:33)
32 verbose stack     at async #buildDepStep (/usr/local/lib/node_modules/npm/node_modules/@npmcli/arborist/lib/arborist/build-ideal-tree.js:904:11)
32 verbose stack     at async Arborist.buildIdealTree (/usr/local/lib/node_modules/npm/node_modules/@npmcli/arborist/lib/arborist/build-ideal-tree.js:181:7)
32 verbose stack     at async Promise.all (index 1)
32 verbose stack     at async Arborist.reify (/usr/local/lib/node_modules/npm/node_modules/@npmcli/arborist/lib/arborist/reify.js:131:5)
32 verbose stack     at async Install.exec (/usr/local/lib/node_modules/npm/lib/commands/install.js:150:5)
32 verbose stack     at async Npm.exec (/usr/local/lib/node_modules/npm/lib/npm.js:207:9)
32 verbose stack     at async module.exports (/usr/local/lib/node_modules/npm/lib/cli/entry.js:74:5)
33 error code ERESOLVE
34 error ERESOLVE unable to resolve dependency tree
35 error
36 error While resolving: lenzli-landing@0.1.0
36 error Found: react@18.3.1[2m[22m
36 error [2mnode_modules/react[22m
36 error   react@"^18.2.0" from the root project
36 error
36 error Could not resolve dependency:
36 error [95mpeer[39m react@"^19.0.0" from react-leaflet@5.0.0[2m[22m
36 error [2mnode_modules/react-leaflet[22m
36 error   react-leaflet@"*" from the root project
36 error
36 error Fix the upstream dependency conflict, or retry
36 error this command with --force or --legacy-peer-deps
36 error to accept an incorrect (and potentially broken) dependency resolution.
37 error
37 error
37 error For a full report see:
37 error /Users/sreekondaveeti/Downloads/startup/lenzli-landing/.npm-cache/_logs/2026-03-17T18_00_37_520Z-eresolve-report.txt
38 silly unfinished npm timer reify 1773770437734
39 silly unfinished npm timer reify:loadTrees 1773770437734
40 silly unfinished npm timer idealTree:buildDeps 1773770437843
41 silly unfinished npm timer idealTree:#root 1773770437843
42 verbose cwd /Users/sreekondaveeti/Downloads/startup/lenzli-landing
43 verbose os Darwin 24.6.0
44 verbose node v22.20.0
45 verbose npm  v10.9.3
46 notice
46 notice New [31mmajor[39m version of npm available! [31m10.9.3[39m -> [34m11.11.1[39m
46 notice Changelog: [34mhttps://github.com/npm/cli/releases/tag/v11.11.1[39m
46 notice To update run: [4mnpm install -g npm@11.11.1[24m
46 notice  { force: true, [Symbol(proc-log.meta)]: true }
47 verbose exit 1
48 verbose code 1
49 error A complete log of this run can be found in: /Users/sreekondaveeti/Downloads/startup/lenzli-landing/.npm-cache/_logs/2026-03-17T18_00_37_520Z-debug-0.log
